{"/Users/alejandro/Documents/worktrials/ine/beerapp/src/components/Beer.vue": {"path":"/Users/alejandro/Documents/worktrials/ine/beerapp/src/components/Beer.vue","statementMap":{"0":{"start":{"line":43,"column":0},"end":{"line":43,"column":null}},"1":{"start":{"line":53,"column":0},"end":{"line":53,"column":null}},"2":{"start":{"line":60,"column":0},"end":{"line":60,"column":null}},"3":{"start":{"line":61,"column":0},"end":{"line":61,"column":null}}},"fnMap":{"0":{"name":"(anonymous_1)","decl":{"start":{"line":52,"column":0},"end":{"line":52,"column":null}},"loc":{"start":{"line":52,"column":0},"end":{"line":57,"column":null}}},"1":{"name":"(anonymous_2)","decl":{"start":{"line":59,"column":0},"end":{"line":59,"column":null}},"loc":{"start":{"line":59,"column":0},"end":{"line":62,"column":null}}}},"branchMap":{},"s":{"0":2,"1":11,"2":11,"3":11},"f":{"0":11,"1":11},"b":{}}
,"/Users/alejandro/Documents/worktrials/ine/beerapp/src/components/Beers.vue": {"path":"/Users/alejandro/Documents/worktrials/ine/beerapp/src/components/Beers.vue","statementMap":{"0":{"start":{"line":14,"column":0},"end":{"line":14,"column":null}},"1":{"start":{"line":28,"column":0},"end":{"line":28,"column":null}}},"fnMap":{"0":{"name":"(anonymous_1)","decl":{"start":{"line":27,"column":0},"end":{"line":27,"column":null}},"loc":{"start":{"line":27,"column":0},"end":{"line":30,"column":null}}}},"branchMap":{},"s":{"0":1,"1":1},"f":{"0":1},"b":{}}
,"/Users/alejandro/Documents/worktrials/ine/beerapp/src/services/punkapi.service.js": {"path":"/Users/alejandro/Documents/worktrials/ine/beerapp/src/services/punkapi.service.js","statementMap":{"0":{"start":{"line":2,"column":17},"end":{"line":2,"column":45}},"1":{"start":{"line":10,"column":26},"end":{"line":13,"column":3}},"2":{"start":{"line":14,"column":2},"end":{"line":31,"column":3}},"3":{"start":{"line":16,"column":19},"end":{"line":22,"column":20}},"4":{"start":{"line":17,"column":25},"end":{"line":17,"column":31}},"5":{"start":{"line":18,"column":6},"end":{"line":20,"column":7}},"6":{"start":{"line":19,"column":8},"end":{"line":19,"column":35}},"7":{"start":{"line":21,"column":6},"end":{"line":21,"column":16}},"8":{"start":{"line":24,"column":19},"end":{"line":24,"column":38}},"9":{"start":{"line":26,"column":21},"end":{"line":26,"column":75}},"10":{"start":{"line":27,"column":4},"end":{"line":27,"column":33}},"11":{"start":{"line":30,"column":4},"end":{"line":30,"column":24}}},"fnMap":{"0":{"name":"(anonymous_0)","decl":{"start":{"line":9,"column":15},"end":{"line":9,"column":16}},"loc":{"start":{"line":9,"column":44},"end":{"line":32,"column":1}},"line":9},"1":{"name":"(anonymous_1)","decl":{"start":{"line":16,"column":33},"end":{"line":16,"column":34}},"loc":{"start":{"line":16,"column":50},"end":{"line":22,"column":5}},"line":16}},"branchMap":{"0":{"loc":{"start":{"line":9,"column":31},"end":{"line":9,"column":42}},"type":"default-arg","locations":[{"start":{"line":9,"column":40},"end":{"line":9,"column":42}}],"line":9},"1":{"loc":{"start":{"line":18,"column":6},"end":{"line":20,"column":7}},"type":"if","locations":[{"start":{"line":18,"column":6},"end":{"line":20,"column":7}},{"start":{"line":18,"column":6},"end":{"line":20,"column":7}}],"line":18},"2":{"loc":{"start":{"line":18,"column":10},"end":{"line":18,"column":48}},"type":"binary-expr","locations":[{"start":{"line":18,"column":10},"end":{"line":18,"column":39}},{"start":{"line":18,"column":43},"end":{"line":18,"column":48}}],"line":18},"3":{"loc":{"start":{"line":24,"column":19},"end":{"line":24,"column":38}},"type":"cond-expr","locations":[{"start":{"line":24,"column":30},"end":{"line":24,"column":33}},{"start":{"line":24,"column":36},"end":{"line":24,"column":38}}],"line":24}},"s":{"0":1,"1":4,"2":4,"3":4,"4":20,"5":20,"6":17,"7":20,"8":4,"9":4,"10":4,"11":0},"f":{"0":4,"1":20},"b":{"0":[1],"1":[17,3],"2":[20,18],"3":[2,2]},"_coverageSchema":"43e27e138ebf9cfc5966b082cf9a028302ed4184","hash":"ce55fd92daa5cf56494dc2cf89d4eb968c2d633a"}
,"/Users/alejandro/Documents/worktrials/ine/beerapp/src/utils/index.js": {"path":"/Users/alejandro/Documents/worktrials/ine/beerapp/src/utils/index.js","statementMap":{"0":{"start":{"line":2,"column":10},"end":{"line":2,"column":42}},"1":{"start":{"line":3,"column":8},"end":{"line":3,"column":48}},"2":{"start":{"line":4,"column":8},"end":{"line":4,"column":9}},"3":{"start":{"line":5,"column":2},"end":{"line":5,"column":45}},"4":{"start":{"line":9,"column":2},"end":{"line":9,"column":43}},"5":{"start":{"line":13,"column":2},"end":{"line":13,"column":38}},"6":{"start":{"line":13,"column":29},"end":{"line":13,"column":38}},"7":{"start":{"line":14,"column":2},"end":{"line":14,"column":47}}},"fnMap":{"0":{"name":"colored","decl":{"start":{"line":1,"column":16},"end":{"line":1,"column":23}},"loc":{"start":{"line":1,"column":33},"end":{"line":6,"column":1}},"line":1},"1":{"name":"randomize","decl":{"start":{"line":8,"column":16},"end":{"line":8,"column":25}},"loc":{"start":{"line":8,"column":35},"end":{"line":10,"column":1}},"line":8},"2":{"name":"capitalize","decl":{"start":{"line":12,"column":16},"end":{"line":12,"column":26}},"loc":{"start":{"line":12,"column":31},"end":{"line":15,"column":1}},"line":12}},"branchMap":{"0":{"loc":{"start":{"line":13,"column":2},"end":{"line":13,"column":38}},"type":"if","locations":[{"start":{"line":13,"column":2},"end":{"line":13,"column":38}},{"start":{"line":13,"column":2},"end":{"line":13,"column":38}}],"line":13}},"s":{"0":23,"1":23,"2":23,"3":23,"4":23,"5":3,"6":1,"7":2},"f":{"0":23,"1":23,"2":3},"b":{"0":[1,2]},"_coverageSchema":"43e27e138ebf9cfc5966b082cf9a028302ed4184","hash":"74c37be85bfc1c02dda09bc855c62f2e331195f8"}
,"/Users/alejandro/Documents/worktrials/ine/beerapp/tests/unit/mocks/beers.mock.js": {"path":"/Users/alejandro/Documents/worktrials/ine/beerapp/tests/unit/mocks/beers.mock.js","statementMap":{},"fnMap":{},"branchMap":{},"s":{},"f":{},"b":{},"_coverageSchema":"43e27e138ebf9cfc5966b082cf9a028302ed4184","hash":"321def3d60b5e7023dd7ca266226aece0af1853c"}
}
