TN:
SF:/Users/alejandro/Documents/worktrials/ine/beerapp/src/components/Beer.vue
FN:52,(anonymous_1)
FN:59,(anonymous_2)
FNF:2
FNH:2
FNDA:11,(anonymous_1)
FNDA:11,(anonymous_2)
DA:43,2
DA:53,11
DA:60,11
DA:61,11
LF:4
LH:4
BRF:0
BRH:0
end_of_record
TN:
SF:/Users/alejandro/Documents/worktrials/ine/beerapp/src/components/Beers.vue
FN:27,(anonymous_1)
FNF:1
FNH:1
FNDA:1,(anonymous_1)
DA:14,1
DA:28,1
LF:2
LH:2
BRF:0
BRH:0
end_of_record
TN:
SF:/Users/alejandro/Documents/worktrials/ine/beerapp/src/services/punkapi.service.js
FN:9,(anonymous_0)
FN:16,(anonymous_1)
FNF:2
FNH:2
FNDA:4,(anonymous_0)
FNDA:20,(anonymous_1)
DA:2,1
DA:10,4
DA:14,4
DA:16,4
DA:17,20
DA:18,20
DA:19,17
DA:21,20
DA:24,4
DA:26,4
DA:27,4
DA:30,0
LF:12
LH:11
BRDA:9,0,0,1
BRDA:18,1,0,17
BRDA:18,1,1,3
BRDA:18,2,0,20
BRDA:18,2,1,18
BRDA:24,3,0,2
BRDA:24,3,1,2
BRF:7
BRH:7
end_of_record
TN:
SF:/Users/alejandro/Documents/worktrials/ine/beerapp/src/utils/index.js
FN:1,colored
FN:8,randomize
FN:12,capitalize
FNF:3
FNH:3
FNDA:23,colored
FNDA:23,randomize
FNDA:3,capitalize
DA:2,23
DA:3,23
DA:4,23
DA:5,23
DA:9,23
DA:13,3
DA:14,2
LF:7
LH:7
BRDA:13,0,0,1
BRDA:13,0,1,2
BRF:2
BRH:2
end_of_record
TN:
SF:/Users/alejandro/Documents/worktrials/ine/beerapp/tests/unit/mocks/beers.mock.js
FNF:0
FNH:0
LF:0
LH:0
BRF:0
BRH:0
end_of_record
